<?xml version="1.0" encoding="UTF-8"?>
<testng-results ignored="0" total="2" passed="2" failed="0" skipped="0">
  <reporter-output>
  </reporter-output>
  <suite started-at="2024-03-12T21:57:17 GMT-04:00" name="Suite" finished-at="2024-03-12T21:57:32 GMT-04:00" duration-ms="15430">
    <groups>
    </groups>
    <test started-at="2024-03-12T21:57:17 GMT-04:00" name="Test" finished-at="2024-03-12T21:57:32 GMT-04:00" duration-ms="15430">
      <class name="com.sper.testcases.RegisterNewUser">
        <test-method is-config="true" signature="setup()[pri:0, instance:com.sper.testcases.RegisterNewUser@4f5991f6]" started-at="2024-03-12T21:57:26 GMT-04:00" name="setup" finished-at="2024-03-12T21:57:28 GMT-04:00" duration-ms="2126" status="PASS">
          <reporter-output>
          </reporter-output>
        </test-method> <!-- setup -->
        <test-method signature="CreateNewUser(java.lang.String,java.lang.String,java.lang.String,java.lang.String,java.lang.String,java.lang.String,java.lang.String)[pri:0, instance:com.sper.testcases.RegisterNewUser@4f5991f6]" started-at="2024-03-12T21:57:28 GMT-04:00" name="CreateNewUser" data-provider="NewUserInfo" finished-at="2024-03-12T21:57:32 GMT-04:00" duration-ms="3844" status="PASS">
          <params>
            <param index="0">
              <value>
                <![CDATA[arya1]]>
              </value>
            </param>
            <param index="1">
              <value>
                <![CDATA[arya1@test.com]]>
              </value>
            </param>
            <param index="2">
              <value>
                <![CDATA[arya@123]]>
              </value>
            </param>
            <param index="3">
              <value>
                <![CDATA[Java]]>
              </value>
            </param>
            <param index="4">
              <value>
                <![CDATA[Female]]>
              </value>
            </param>
            <param index="5">
              <value>
                <![CDATA[Goa]]>
              </value>
            </param>
            <param index="6">
              <value>
                <![CDATA[Playing]]>
              </value>
            </param>
          </params>
          <reporter-output>
          </reporter-output>
        </test-method> <!-- CreateNewUser -->
        <test-method is-config="true" signature="teardown()[pri:0, instance:com.sper.testcases.RegisterNewUser@4f5991f6]" started-at="2024-03-12T21:57:32 GMT-04:00" name="teardown" finished-at="2024-03-12T21:57:32 GMT-04:00" duration-ms="382" status="PASS">
          <reporter-output>
          </reporter-output>
        </test-method> <!-- teardown -->
      </class> <!-- com.sper.testcases.RegisterNewUser -->
      <class name="com.sper.testcases.LogintoApp">
        <test-method is-config="true" signature="setup()[pri:0, instance:com.sper.testcases.LogintoApp@77128536]" started-at="2024-03-12T21:57:17 GMT-04:00" name="setup" finished-at="2024-03-12T21:57:20 GMT-04:00" duration-ms="3222" status="PASS">
          <reporter-output>
          </reporter-output>
        </test-method> <!-- setup -->
        <test-method signature="loginapp(java.lang.String,java.lang.String)[pri:1, instance:com.sper.testcases.LogintoApp@77128536]" started-at="2024-03-12T21:57:21 GMT-04:00" name="loginapp" data-provider="LoginCredentials" finished-at="2024-03-12T21:57:25 GMT-04:00" duration-ms="3634" status="PASS">
          <params>
            <param index="0">
              <value>
                <![CDATA[admin@email.com]]>
              </value>
            </param>
            <param index="1">
              <value>
                <![CDATA[admin@123]]>
              </value>
            </param>
          </params>
          <reporter-output>
          </reporter-output>
        </test-method> <!-- loginapp -->
        <test-method is-config="true" signature="teardown()[pri:0, instance:com.sper.testcases.LogintoApp@77128536]" started-at="2024-03-12T21:57:25 GMT-04:00" name="teardown" finished-at="2024-03-12T21:57:26 GMT-04:00" duration-ms="410" status="PASS">
          <reporter-output>
          </reporter-output>
        </test-method> <!-- teardown -->
      </class> <!-- com.sper.testcases.LogintoApp -->
    </test> <!-- Test -->
  </suite> <!-- Suite -->
</testng-results>
