<?xml version="1.0" encoding="UTF-8"?>
<testng-results ignored="0" total="2" passed="2" failed="0" skipped="0">
  <reporter-output>
  </reporter-output>
  <suite started-at="2024-06-27T10:13:07 GMT-04:00" name="Suite" finished-at="2024-06-27T10:13:22 GMT-04:00" duration-ms="14880">
    <groups>
    </groups>
    <test started-at="2024-06-27T10:13:07 GMT-04:00" name="TestCreCourse" finished-at="2024-06-27T10:13:22 GMT-04:00" duration-ms="14880">
      <class name="com.sper.testcases.CreCour">
        <test-method is-config="true" signature="setup()[pri:0, instance:com.sper.testcases.CreCour@d86a6f]" started-at="2024-06-27T10:13:07 GMT-04:00" name="setup" finished-at="2024-06-27T10:13:10 GMT-04:00" duration-ms="3468" status="PASS">
          <reporter-output>
          </reporter-output>
        </test-method> <!-- setup -->
        <test-method signature="loginToapp(java.lang.String,java.lang.String)[pri:1, instance:com.sper.testcases.CreCour@d86a6f]" started-at="2024-06-27T10:13:12 GMT-04:00" name="loginToapp" data-provider="LoginCredentials" finished-at="2024-06-27T10:13:14 GMT-04:00" duration-ms="2404" status="PASS">
          <params>
            <param index="0">
              <value>
                <![CDATA[admin@email.com]]>
              </value>
            </param>
            <param index="1">
              <value>
                <![CDATA[admin@123]]>
              </value>
            </param>
          </params>
          <reporter-output>
          </reporter-output>
        </test-method> <!-- loginToapp -->
        <test-method signature="createCourse(java.lang.String,java.lang.String,java.lang.String,java.lang.String)[pri:2, instance:com.sper.testcases.CreCour@d86a6f]" started-at="2024-06-27T10:13:14 GMT-04:00" name="createCourse" data-provider="createCourse" finished-at="2024-06-27T10:13:20 GMT-04:00" duration-ms="5600" status="PASS">
          <params>
            <param index="0">
              <value>
                <![CDATA[/TestData/sampleimage.jpg]]>
              </value>
            </param>
            <param index="1">
              <value>
                <![CDATA[Test course3]]>
              </value>
            </param>
            <param index="2">
              <value>
                <![CDATA[course desc3]]>
              </value>
            </param>
            <param index="3">
              <value>
                <![CDATA[GCP]]>
              </value>
            </param>
          </params>
          <reporter-output>
          </reporter-output>
        </test-method> <!-- createCourse -->
        <test-method is-config="true" signature="teardown()[pri:0, instance:com.sper.testcases.CreCour@d86a6f]" started-at="2024-06-27T10:13:20 GMT-04:00" name="teardown" finished-at="2024-06-27T10:13:22 GMT-04:00" duration-ms="1978" status="PASS">
          <reporter-output>
          </reporter-output>
        </test-method> <!-- teardown -->
      </class> <!-- com.sper.testcases.CreCour -->
    </test> <!-- TestCreCourse -->
  </suite> <!-- Suite -->
</testng-results>
