<?xml version="1.0" encoding="UTF-8"?>
<testng-results ignored="0" total="1" passed="1" failed="0" skipped="0">
  <reporter-output>
  </reporter-output>
  <suite started-at="2024-03-04T18:38:01 GMT-05:00" name="Default suite" finished-at="2024-03-04T18:38:12 GMT-05:00" duration-ms="10755">
    <groups>
    </groups>
    <test started-at="2024-03-04T18:38:01 GMT-05:00" name="Default test" finished-at="2024-03-04T18:38:12 GMT-05:00" duration-ms="10755">
      <class name="com.sper.testcases.RegisterNewUser">
        <test-method is-config="true" signature="setup()[pri:0, instance:com.sper.testcases.RegisterNewUser@4145bad8]" started-at="2024-03-04T18:38:01 GMT-05:00" name="setup" finished-at="2024-03-04T18:38:05 GMT-05:00" duration-ms="3835" status="PASS">
          <reporter-output>
          </reporter-output>
        </test-method> <!-- setup -->
        <test-method signature="CreateNewUser(java.lang.String,java.lang.String,java.lang.String,java.lang.String,java.lang.String,java.lang.String,java.lang.String)[pri:0, instance:com.sper.testcases.RegisterNewUser@4145bad8]" started-at="2024-03-04T18:38:06 GMT-05:00" name="CreateNewUser" data-provider="NewUserInfo" finished-at="2024-03-04T18:38:12 GMT-05:00" duration-ms="5169" status="PASS">
          <params>
            <param index="0">
              <value>
                <![CDATA[arya]]>
              </value>
            </param>
            <param index="1">
              <value>
                <![CDATA[arya@test.com]]>
              </value>
            </param>
            <param index="2">
              <value>
                <![CDATA[arya@123]]>
              </value>
            </param>
            <param index="3">
              <value>
                <![CDATA[Java]]>
              </value>
            </param>
            <param index="4">
              <value>
                <![CDATA[Female]]>
              </value>
            </param>
            <param index="5">
              <value>
                <![CDATA[Goa]]>
              </value>
            </param>
            <param index="6">
              <value>
                <![CDATA[Playing]]>
              </value>
            </param>
          </params>
          <reporter-output>
          </reporter-output>
        </test-method> <!-- CreateNewUser -->
        <test-method is-config="true" signature="teardown()[pri:0, instance:com.sper.testcases.RegisterNewUser@4145bad8]" started-at="2024-03-04T18:38:12 GMT-05:00" name="teardown" finished-at="2024-03-04T18:38:12 GMT-05:00" duration-ms="346" status="PASS">
          <reporter-output>
          </reporter-output>
        </test-method> <!-- teardown -->
      </class> <!-- com.sper.testcases.RegisterNewUser -->
    </test> <!-- Default test -->
  </suite> <!-- Default suite -->
</testng-results>
